c:\users\mm090079\desktop\new medcords 18-6-21\medcords\medcords\x64\debug\medcords.pch
c:\users\mm090079\desktop\new medcords 18-6-21\medcords\medcords\x64\debug\vc140.pdb
c:\users\mm090079\desktop\new medcords 18-6-21\medcords\medcords\x64\debug\vc140.idb
c:\users\mm090079\desktop\new medcords 18-6-21\medcords\medcords\x64\debug\stdafx.obj
c:\users\mm090079\desktop\new medcords 18-6-21\medcords\medcords\x64\debug\databasefunctionalities.obj
c:\users\mm090079\desktop\new medcords 18-6-21\medcords\medcords\x64\debug\medcords.obj
c:\users\mm090079\desktop\new medcords 18-6-21\medcords\medcords\x64\debug\medcordsdlg.obj
c:\users\mm090079\desktop\new medcords 18-6-21\medcords\medcords\x64\debug\medcordsfunctionalities.obj
c:\users\mm090079\desktop\new medcords 18-6-21\medcords\medcords\x64\debug\patientdetailsdlg.obj
c:\users\mm090079\desktop\new medcords 18-6-21\medcords\medcords\x64\debug\datastorage.obj
c:\users\mm090079\desktop\new medcords 18-6-21\medcords\medcords\x64\debug\selectpersondlg.obj
c:\users\mm090079\desktop\new medcords 18-6-21\medcords\medcords\x64\debug\encounterdialog.obj
c:\users\mm090079\desktop\new medcords 18-6-21\medcords\medcords\x64\debug\ordersdialog.obj
c:\users\mm090079\desktop\new medcords 18-6-21\medcords\medcords\x64\debug\trackingdialog.obj
c:\users\mm090079\desktop\new medcords 18-6-21\medcords\x64\debug\medcords.ilk
c:\users\mm090079\desktop\new medcords 18-6-21\medcords\x64\debug\medcords.exe
c:\users\mm090079\desktop\new medcords 18-6-21\medcords\x64\debug\medcords.pdb
c:\users\mm090079\desktop\new medcords 18-6-21\medcords\medcords\x64\debug\medcords.res
c:\users\mm090079\desktop\new medcords 18-6-21\medcords\medcords\x64\debug\medcords.tlog\cl.command.1.tlog
c:\users\mm090079\desktop\new medcords 18-6-21\medcords\medcords\x64\debug\medcords.tlog\cl.read.1.tlog
c:\users\mm090079\desktop\new medcords 18-6-21\medcords\medcords\x64\debug\medcords.tlog\cl.write.1.tlog
c:\users\mm090079\desktop\new medcords 18-6-21\medcords\medcords\x64\debug\medcords.tlog\link.command.1.tlog
c:\users\mm090079\desktop\new medcords 18-6-21\medcords\medcords\x64\debug\medcords.tlog\link.read.1.tlog
c:\users\mm090079\desktop\new medcords 18-6-21\medcords\medcords\x64\debug\medcords.tlog\link.write.1.tlog
c:\users\mm090079\desktop\new medcords 18-6-21\medcords\medcords\x64\debug\medcords.tlog\rc.command.1.tlog
c:\users\mm090079\desktop\new medcords 18-6-21\medcords\medcords\x64\debug\medcords.tlog\rc.read.1.tlog
c:\users\mm090079\desktop\new medcords 18-6-21\medcords\medcords\x64\debug\medcords.tlog\rc.write.1.tlog
