c:\users\mm090079\devcenterproject\medcords\devacdmy-35892\medcords\x64\release\medcords.pch
c:\users\mm090079\devcenterproject\medcords\devacdmy-35892\medcords\x64\release\vc142.pdb
c:\users\mm090079\devcenterproject\medcords\devacdmy-35892\medcords\x64\release\stdafx.obj
c:\users\mm090079\devcenterproject\medcords\devacdmy-35892\medcords\x64\release\trackingdialog.obj
c:\users\mm090079\devcenterproject\medcords\devacdmy-35892\medcords\x64\release\datastorage.obj
c:\users\mm090079\devcenterproject\medcords\devacdmy-35892\medcords\x64\release\patientdetailsdlg.obj
c:\users\mm090079\devcenterproject\medcords\devacdmy-35892\medcords\x64\release\ordersdialog.obj
c:\users\mm090079\devcenterproject\medcords\devacdmy-35892\medcords\x64\release\medcordsfunctionalities.obj
c:\users\mm090079\devcenterproject\medcords\devacdmy-35892\medcords\x64\release\medcordsdlg.obj
c:\users\mm090079\devcenterproject\medcords\devacdmy-35892\medcords\x64\release\medcords.obj
c:\users\mm090079\devcenterproject\medcords\devacdmy-35892\medcords\x64\release\encounterdialog.obj
c:\users\mm090079\devcenterproject\medcords\devacdmy-35892\medcords\x64\release\dialogfunctionalities.obj
c:\users\mm090079\devcenterproject\medcords\devacdmy-35892\medcords\x64\release\databasefunctionalities.obj
c:\users\mm090079\devcenterproject\medcords\devacdmy-35892\medcords\x64\release\ceditnames.obj
\\userprofiles01\xddata01\mm090079\desktop\medcordsvs2019\medcords\x64\release\medcords.pch
\\userprofiles01\xddata01\mm090079\desktop\medcordsvs2019\medcords\x64\release\vc142.pdb
\\userprofiles01\xddata01\mm090079\desktop\medcordsvs2019\medcords\x64\release\stdafx.obj
\\userprofiles01\xddata01\mm090079\desktop\medcordsvs2019\medcords\x64\release\trackingdialog.obj
\\userprofiles01\xddata01\mm090079\desktop\medcordsvs2019\medcords\x64\release\datastorage.obj
\\userprofiles01\xddata01\mm090079\desktop\medcordsvs2019\medcords\x64\release\patientdetailsdlg.obj
\\userprofiles01\xddata01\mm090079\desktop\medcordsvs2019\medcords\x64\release\ordersdialog.obj
\\userprofiles01\xddata01\mm090079\desktop\medcordsvs2019\medcords\x64\release\medcordsfunctionalities.obj
\\userprofiles01\xddata01\mm090079\desktop\medcordsvs2019\medcords\x64\release\medcordsdlg.obj
\\userprofiles01\xddata01\mm090079\desktop\medcordsvs2019\medcords\x64\release\medcords.obj
\\userprofiles01\xddata01\mm090079\desktop\medcordsvs2019\medcords\x64\release\encounterdialog.obj
\\userprofiles01\xddata01\mm090079\desktop\medcordsvs2019\medcords\x64\release\dialogfunctionalities.obj
\\userprofiles01\xddata01\mm090079\desktop\medcordsvs2019\medcords\x64\release\databasefunctionalities.obj
\\userprofiles01\xddata01\mm090079\desktop\medcordsvs2019\medcords\x64\release\ceditnames.obj
c:\users\mm090079\devcenterproject\medcords\devacdmy-35892\x64\release\medcords.exe
c:\users\mm090079\devcenterproject\medcords\devacdmy-35892\medcords\x64\release\medcords.iobj
c:\users\mm090079\devcenterproject\medcords\devacdmy-35892\x64\release\medcords.pdb
\\userprofiles01\xddata01\mm090079\desktop\medcordsvs2019\x64\release\medcords.exe
\\userprofiles01\xddata01\mm090079\desktop\medcordsvs2019\medcords\x64\release\medcords.iobj
\\userprofiles01\xddata01\mm090079\desktop\medcordsvs2019\x64\release\medcords.pdb
c:\users\mm090079\devcenterproject\medcords\devacdmy-35892\medcords\x64\release\medcords.res
\\userprofiles01\xddata01\mm090079\desktop\medcordsvs2019\medcords\x64\release\medcords.res
\\userprofiles01\xddata01\mm090079\desktop\medcordsvs2019\medcords\x64\release\cernerfoundations.tli
\\userprofiles01\xddata01\mm090079\desktop\medcordsvs2019\medcords\x64\release\cernerfoundations.tlh
\\userprofiles01\xddata01\mm090079\desktop\medcordsvs2019\medcords\x64\release\medcords.tlog\cl.command.1.tlog
\\userprofiles01\xddata01\mm090079\desktop\medcordsvs2019\medcords\x64\release\medcords.tlog\cl.read.1.tlog
\\userprofiles01\xddata01\mm090079\desktop\medcordsvs2019\medcords\x64\release\medcords.tlog\cl.write.1.tlog
\\userprofiles01\xddata01\mm090079\desktop\medcordsvs2019\medcords\x64\release\medcords.tlog\link.command.1.tlog
\\userprofiles01\xddata01\mm090079\desktop\medcordsvs2019\medcords\x64\release\medcords.tlog\link.read.1.tlog
\\userprofiles01\xddata01\mm090079\desktop\medcordsvs2019\medcords\x64\release\medcords.tlog\link.write.1.tlog
\\userprofiles01\xddata01\mm090079\desktop\medcordsvs2019\medcords\x64\release\medcords.tlog\rc.command.1.tlog
\\userprofiles01\xddata01\mm090079\desktop\medcordsvs2019\medcords\x64\release\medcords.tlog\rc.read.1.tlog
\\userprofiles01\xddata01\mm090079\desktop\medcordsvs2019\medcords\x64\release\medcords.tlog\rc.write.1.tlog
