c:\users\mm090079\onedrive - cerner corporation\medcords\medcords\debug\medcords.pch
c:\users\mm090079\onedrive - cerner corporation\medcords\medcords\debug\vc140.pdb
c:\users\mm090079\onedrive - cerner corporation\medcords\medcords\debug\vc140.idb
c:\users\mm090079\onedrive - cerner corporation\medcords\medcords\debug\stdafx.obj
c:\users\mm090079\onedrive - cerner corporation\medcords\medcords\debug\medcords.obj
c:\users\mm090079\onedrive - cerner corporation\medcords\medcords\debug\medcordsdlg.obj
c:\users\mm090079\onedrive - cerner corporation\medcords\medcords\debug\persondetailsdlg.obj
c:\users\mm090079\onedrive - cerner corporation\medcords\medcords\debug\selectpersondlg.obj
c:\users\mm090079\onedrive - cerner corporation\medcords\debug\medcords.ilk
c:\users\mm090079\onedrive - cerner corporation\medcords\debug\medcords.exe
c:\users\mm090079\onedrive - cerner corporation\medcords\debug\medcords.pdb
c:\users\mm090079\onedrive - cerner corporation\medcords\medcords\debug\medcords.res
c:\users\mm090079\onedrive - cerner corporation\medcords\medcords\debug\medcords.tlog\cl.command.1.tlog
c:\users\mm090079\onedrive - cerner corporation\medcords\medcords\debug\medcords.tlog\cl.read.1.tlog
c:\users\mm090079\onedrive - cerner corporation\medcords\medcords\debug\medcords.tlog\cl.write.1.tlog
c:\users\mm090079\onedrive - cerner corporation\medcords\medcords\debug\medcords.tlog\link.command.1.tlog
c:\users\mm090079\onedrive - cerner corporation\medcords\medcords\debug\medcords.tlog\link.read.1.tlog
c:\users\mm090079\onedrive - cerner corporation\medcords\medcords\debug\medcords.tlog\link.write.1.tlog
c:\users\mm090079\onedrive - cerner corporation\medcords\medcords\debug\medcords.tlog\rc.command.1.tlog
c:\users\mm090079\onedrive - cerner corporation\medcords\medcords\debug\medcords.tlog\rc.read.1.tlog
c:\users\mm090079\onedrive - cerner corporation\medcords\medcords\debug\medcords.tlog\rc.write.1.tlog
